#
# A fatal error has been detected by the Java Runtime Environment:
#
#  EXCEPTION_ACCESS_VIOLATION (0xc0000005) at pc=0x00007ffcdb9558bc, pid=5504, tid=5152
#
# JRE version: OpenJDK Runtime Environment Temurin-11.0.14.1+1 (11.0.14.1+1) (build 11.0.14.1+1)
# Java VM: OpenJDK 64-Bit Server VM Temurin-11.0.14.1+1 (11.0.14.1+1, mixed mode, tiered, compressed oops, g1 gc, windows-amd64)
# Problematic frame:
# V  [jvm.dll+0x1a58bc]
#
# No core dump will be written. Minidumps are not enabled by default on client versions of Windows
#
# If you would like to submit a bug report, please visit:
#   https://github.com/adoptium/adoptium-support/issues
#

---------------  S U M M A R Y ------------

Command Line: -Dmaven.multiModuleProjectDirectory=C:\proj\Mk-JD2-90-22\HomeWork -Dmaven.home=C:\tools\maven\apache-maven-3.8.5 -Dclassworlds.conf=C:\tools\maven\apache-maven-3.8.5\bin\m2.conf -Dmaven.ext.class.path=C:\Program Files\JetBrains\IntelliJ IDEA Community Edition 2021.3.3\plugins\maven\lib\maven-event-listener.jar -javaagent:C:\Program Files\JetBrains\IntelliJ IDEA Community Edition 2021.3.3\lib\idea_rt.jar=53906:C:\Program Files\JetBrains\IntelliJ IDEA Community Edition 2021.3.3\bin -Dfile.encoding=UTF-8 org.codehaus.classworlds.Launcher -Didea.version=2021.3.3 org.apache.tomcat.maven:tomcat7-maven-plugin:2.2:redeploy

Host: Intel(R) Celeron(R) N4000 CPU @ 1.10GHz, 2 cores, 3G,  Windows 10 , 64 bit Build 19041 (10.0.19041.1706)
Time: Wed May 18 22:20:58 2022 RTZ 2 (зима) elapsed time: 6.240368 seconds (0d 0h 0m 6s)

---------------  T H R E A D  ---------------

Current thread (0x000001fdffba7800):  JavaThread "C1 CompilerThread0" daemon [_thread_in_vm, id=5152, stack(0x000000fac4100000,0x000000fac4200000)]


Current CompileTask:
C1:   6240 2189       3       org.codehaus.plexus.util.xml.pull.MXParser::ensureElementsCapacity (265 bytes)

Stack: [0x000000fac4100000,0x000000fac4200000],  sp=0x000000fac41fe288,  free space=1016k
Native frames: (J=compiled Java code, j=interpreted, Vv=VM code, C=native code)
V  [jvm.dll+0x1a58bc]
C  0x000000fac41fe3c0


siginfo: EXCEPTION_ACCESS_VIOLATION (0xc0000005), reading address 0x00000000000000b4


Register to memory mapping:

RIP=0x00007ffcdb9558bc jvm.dll
RAX=0x0 is NULL
RBX=0x0 is NULL
RCX=0x0000000000000002 is an unknown value
RDX=0x0000000000000006 is an unknown value
RSP=0x000000fac41fe288 is pointing into the stack for thread: 0x000001fdffba7800
RBP=0x000001fd9e5ffd20 points into unknown readable memory: 0x00007ffcdc042a30 | 30 2a 04 dc fc 7f 00 00
RSI=0x000001fd9e604ff0 points into unknown readable memory: 0x000001fd9e605050 | 50 50 60 9e fd 01 00 00
RDI=0x0000000000000006 is an unknown value
R8 =0x0000000000000002 is an unknown value
R9 =0x0000000000000003 is an unknown value
R10=0x000001fd9e605070 points into unknown readable memory: 0x0000000300000002 | 02 00 00 00 03 00 00 00
R11=0x000001fd9e604ff0 points into unknown readable memory: 0x000001fd9e605050 | 50 50 60 9e fd 01 00 00
R12=0x0 is NULL
R13=0x0 is NULL
R14=0x00000000000000b4 is an unknown value
R15=0x0 is NULL


Registers:
RAX=0x0000000000000000, RBX=0x0000000000000000, RCX=0x0000000000000002, RDX=0x0000000000000006
RSP=0x000000fac41fe288, RBP=0x000001fd9e5ffd20, RSI=0x000001fd9e604ff0, RDI=0x0000000000000006
R8 =0x0000000000000002, R9 =0x0000000000000003, R10=0x000001fd9e605070, R11=0x000001fd9e604ff0
R12=0x0000000000000000, R13=0x0000000000000000, R14=0x00000000000000b4, R15=0x0000000000000000
RIP=0x00007ffcdb9558bc, EFLAGS=0x0000000000010246

Top of Stack: (sp=0x000000fac41fe288)
0x000000fac41fe288:   00007ffcdb955783 000001fdffba7800
0x000000fac41fe298:   000000fac41fee20 000001fd9e5ffd20
0x000000fac41fe2a8:   000001fd9d201ee0 000000fac41fe3c0
0x000000fac41fe2b8:   00007ffcdb96c239 000001fd9e600fd2
0x000000fac41fe2c8:   00000000000000b4 000000fac41fe3a0
0x000000fac41fe2d8:   000001fdffba7800 000000fac41fe600
0x000000fac41fe2e8:   00007ffcdb8df88a 000001fd9e600fd2
0x000000fac41fe2f8:   000000fac41fe600 0000000000000000
0x000000fac41fe308:   000001fd9d367e60 000001fd9d201d10
0x000000fac41fe318:   0000000000000000 0000000000000000
0x000000fac41fe328:   00007ffcdb8f3556 000001fd9d201c40
0x000000fac41fe338:   000001fd9d201c40 000000fac41fe410
0x000000fac41fe348:   00007ffcdb8e3bc4 000001fd9d201fc0
0x000000fac41fe358:   0000000000000000 00000000000000b4
0x000000fac41fe368:   0000000000000000 0000000000000000
0x000000fac41fe378:   0000000000000000 000000fac41fe600 

Instructions: (pc=0x00007ffcdb9558bc)
0x00007ffcdb9557bc:   48 89 47 18 48 8b 43 20 48 8b 5c 24 48 48 89 47
0x00007ffcdb9557cc:   20 48 8d bb c0 03 00 00 c7 07 07 00 00 00 80 3d
0x00007ffcdb9557dc:   af d1 89 00 00 75 09 83 3d 06 98 91 00 01 74 18
0x00007ffcdb9557ec:   80 3d 9e d1 89 00 00 74 07 e8 36 a2 46 00 eb 08
0x00007ffcdb9557fc:   48 8b cb e8 ec 02 f6 ff 83 3d 15 e1 91 00 01 75
0x00007ffcdb95580c:   13 48 8b 83 08 01 00 00 c0 e8 03 a8 01 74 0d 48
0x00007ffcdb95581c:   8b 5c 24 48 48 8b cb e8 88 0a 4e 00 c7 07 04 00
0x00007ffcdb95582c:   00 00 48 8b c6 48 8b 5c 24 30 48 8b 6c 24 38 48
0x00007ffcdb95583c:   8b 74 24 40 48 83 c4 20 5f c3 cc cc cc cc cc cc
0x00007ffcdb95584c:   cc cc cc cc 48 89 5c 24 08 48 89 6c 24 10 48 89
0x00007ffcdb95585c:   74 24 18 48 89 7c 24 20 41 56 48 83 ec 20 4c 8b
0x00007ffcdb95586c:   f1 41 8b f8 48 8b ca 48 8b ea e8 45 60 00 00 48
0x00007ffcdb95587c:   8b f0 48 85 c0 75 27 49 8b 16 8d 48 50 e8 62 3a
0x00007ffcdb95588c:   f1 ff 48 85 c0 74 13 44 8b c7 48 8b d5 48 8b c8
0x00007ffcdb95589c:   e8 7f 2d 00 00 48 8b d8 eb 48 33 db eb 44 8b d7
0x00007ffcdb9558ac:   48 8b ce e8 7c e5 ff ff 48 8b d8 48 85 c0 75 32
0x00007ffcdb9558bc:   49 8b 16 8d 48 50 e8 29 3a f1 ff 48 85 c0 74 13
0x00007ffcdb9558cc:   44 8b c7 48 8b d5 48 8b c8 e8 46 2d 00 00 48 8b
0x00007ffcdb9558dc:   d8 eb 02 33 db 4c 8b c3 8b d7 48 8b ce e8 a2 e5
0x00007ffcdb9558ec:   ff ff 48 8b 6c 24 38 48 8b c3 48 8b 5c 24 30 48
0x00007ffcdb9558fc:   8b 74 24 40 48 8b 7c 24 48 48 83 c4 20 41 5e c3
0x00007ffcdb95590c:   cc cc cc cc 40 53 48 83 ec 20 48 8b d9 48 85 c9
0x00007ffcdb95591c:   75 24 4c 8d 0d 13 cc 6e 00 ba 71 03 00 00 4c 8d
0x00007ffcdb95592c:   05 1f cc 6e 00 48 8d 0d d8 cb 6e 00 e8 73 9f 0a
0x00007ffcdb95593c:   00 e8 0e 0e 47 00 48 8b 03 48 8b cb ff 50 58 84
0x00007ffcdb95594c:   c0 74 09 48 8b c3 48 83 c4 20 5b c3 48 8b 03 48
0x00007ffcdb95595c:   8b cb ff 50 60 84 c0 74 0d 48 8b 05 8c e6 8f 00
0x00007ffcdb95596c:   48 83 c4 20 5b c3 ba 77 03 00 00 48 8d 0d 92 cb
0x00007ffcdb95597c:   6e 00 e8 cd 9e 0a 00 e8 c8 0d 47 00 33 c0 48 83
0x00007ffcdb95598c:   c4 20 5b c3 48 89 5c 24 08 48 89 6c 24 10 48 89
0x00007ffcdb95599c:   74 24 18 48 89 7c 24 20 41 56 48 83 ec 40 44 8b
0x00007ffcdb9559ac:   15 1b 1f 94 00 4c 8b f1 65 48 8b 04 25 58 00 00 


Stack slot to memory mapping:
stack at sp + 0 slots: 0x00007ffcdb955783 jvm.dll
stack at sp + 1 slots: 0x000001fdffba7800 is a thread
stack at sp + 2 slots: 0x000000fac41fee20 is pointing into the stack for thread: 0x000001fdffba7800
stack at sp + 3 slots: 0x000001fd9e5ffd20 points into unknown readable memory: 0x00007ffcdc042a30 | 30 2a 04 dc fc 7f 00 00
stack at sp + 4 slots: 0x000001fd9d201ee0 points into unknown readable memory: 0x000001fd9d364e30 | 30 4e 36 9d fd 01 00 00
stack at sp + 5 slots: 0x000000fac41fe3c0 is pointing into the stack for thread: 0x000001fdffba7800
stack at sp + 6 slots: 0x00007ffcdb96c239 jvm.dll
stack at sp + 7 slots: 0x000001fd9e600fd2 points into unknown readable memory: b4 06 00 03 19 04


---------------  P R O C E S S  ---------------

Threads class SMR info:
_java_thread_list=0x000001fd9d2b6e30, length=11, elements={
0x000001fdfeca6000, 0x000001fdffb14000, 0x000001fdffb41000, 0x000001fdffb97000,
0x000001fdffb99000, 0x000001fdffb9a800, 0x000001fdffb9f800, 0x000001fdffba7800,
0x000001fdffbb4000, 0x000001fd9d208000, 0x000001fd9d3ed800
}

Java Threads: ( => current thread )
  0x000001fdfeca6000 JavaThread "main" [_thread_in_vm, id=7332, stack(0x000000fac3400000,0x000000fac3500000)]
  0x000001fdffb14000 JavaThread "Reference Handler" daemon [_thread_blocked, id=8828, stack(0x000000fac3b00000,0x000000fac3c00000)]
  0x000001fdffb41000 JavaThread "Finalizer" daemon [_thread_blocked, id=6988, stack(0x000000fac3c00000,0x000000fac3d00000)]
  0x000001fdffb97000 JavaThread "Signal Dispatcher" daemon [_thread_blocked, id=1096, stack(0x000000fac3d00000,0x000000fac3e00000)]
  0x000001fdffb99000 JavaThread "Attach Listener" daemon [_thread_blocked, id=7028, stack(0x000000fac3e00000,0x000000fac3f00000)]
  0x000001fdffb9a800 JavaThread "Service Thread" daemon [_thread_blocked, id=864, stack(0x000000fac3f00000,0x000000fac4000000)]
  0x000001fdffb9f800 JavaThread "C2 CompilerThread0" daemon [_thread_in_native, id=2184, stack(0x000000fac4000000,0x000000fac4100000)]
=>0x000001fdffba7800 JavaThread "C1 CompilerThread0" daemon [_thread_in_vm, id=5152, stack(0x000000fac4100000,0x000000fac4200000)]
  0x000001fdffbb4000 JavaThread "Sweeper thread" daemon [_thread_blocked, id=4924, stack(0x000000fac4200000,0x000000fac4300000)]
  0x000001fd9d208000 JavaThread "Common-Cleaner" daemon [_thread_blocked, id=6484, stack(0x000000fac4300000,0x000000fac4400000)]
  0x000001fd9d3ed800 JavaThread "Monitor Ctrl-Break" daemon [_thread_in_native, id=8676, stack(0x000000fac4400000,0x000000fac4500000)]

Other Threads:
  0x000001fdffb10800 VMThread "VM Thread" [stack: 0x000000fac3a00000,0x000000fac3b00000] [id=3400]
  0x000001fd9d381000 WatcherThread [stack: 0x000000fac4500000,0x000000fac4600000] [id=4896]
  0x000001fdfecc0000 GCTaskThread "GC Thread#0" [stack: 0x000000fac3500000,0x000000fac3600000] [id=2044]
  0x000001fd9d7cc000 GCTaskThread "GC Thread#1" [stack: 0x000000fac4600000,0x000000fac4700000] [id=6932]
  0x000001fdfecda800 ConcurrentGCThread "G1 Main Marker" [stack: 0x000000fac3600000,0x000000fac3700000] [id=8404]
  0x000001fdfecdc000 ConcurrentGCThread "G1 Conc#0" [stack: 0x000000fac3700000,0x000000fac3800000] [id=6772]
  0x000001fdfed1b000 ConcurrentGCThread "G1 Refine#0" [stack: 0x000000fac3800000,0x000000fac3900000] [id=2720]
  0x000001fdfed1c000 ConcurrentGCThread "G1 Young RemSet Sampling" [stack: 0x000000fac3900000,0x000000fac3a00000] [id=1520]

Threads with active compile tasks:
C2 CompilerThread0   6505 2291       4       org.codehaus.plexus.util.xml.pull.MXParser::parseAttribute (1641 bytes)
C1 CompilerThread0   6505 2189       3       org.codehaus.plexus.util.xml.pull.MXParser::ensureElementsCapacity (265 bytes)

VM state:not at safepoint (normal execution)

VM Mutex/Monitor currently owned by a thread: None

Heap address: 0x00000000c3600000, size: 970 MB, Compressed Oops mode: 32-bit
Narrow klass base: 0x0000000000000000, Narrow klass shift: 3
Compressed class space size: 1073741824 Address: 0x0000000100000000

Heap:
 garbage-first heap   total 76800K, used 12679K [0x00000000c3600000, 0x0000000100000000)
  region size 1024K, 11 young (11264K), 4 survivors (4096K)
 Metaspace       used 21081K, capacity 21466K, committed 21632K, reserved 1069056K
  class space    used 2214K, capacity 2324K, committed 2432K, reserved 1048576K
Heap Regions: E=young(eden), S=young(survivor), O=old, HS=humongous(starts), HC=humongous(continues), CS=collection set, F=free, A=archive, TAMS=top-at-mark-start (previous, next)
|   0|0x00000000c3600000, 0x00000000c3700000, 0x00000000c3700000|100%| O|  |TAMS 0x00000000c3700000, 0x00000000c3600000| Untracked 
|   1|0x00000000c3700000, 0x00000000c3800000, 0x00000000c3800000|100%| O|  |TAMS 0x00000000c3800000, 0x00000000c3700000| Untracked 
|   2|0x00000000c3800000, 0x00000000c38c5200, 0x00000000c3900000| 77%| O|  |TAMS 0x00000000c38c5200, 0x00000000c3800000| Untracked 
|   3|0x00000000c3900000, 0x00000000c3900000, 0x00000000c3a00000|  0%| F|  |TAMS 0x00000000c3900000, 0x00000000c3900000| Untracked 
|   4|0x00000000c3a00000, 0x00000000c3a00000, 0x00000000c3b00000|  0%| F|  |TAMS 0x00000000c3a00000, 0x00000000c3a00000| Untracked 
|   5|0x00000000c3b00000, 0x00000000c3b00000, 0x00000000c3c00000|  0%| F|  |TAMS 0x00000000c3b00000, 0x00000000c3b00000| Untracked 
|   6|0x00000000c3c00000, 0x00000000c3c00000, 0x00000000c3d00000|  0%| F|  |TAMS 0x00000000c3c00000, 0x00000000c3c00000| Untracked 
|   7|0x00000000c3d00000, 0x00000000c3d00000, 0x00000000c3e00000|  0%| F|  |TAMS 0x00000000c3d00000, 0x00000000c3d00000| Untracked 
|   8|0x00000000c3e00000, 0x00000000c3e00000, 0x00000000c3f00000|  0%| F|  |TAMS 0x00000000c3e00000, 0x00000000c3e00000| Untracked 
|   9|0x00000000c3f00000, 0x00000000c3f00000, 0x00000000c4000000|  0%| F|  |TAMS 0x00000000c3f00000, 0x00000000c3f00000| Untracked 
|  10|0x00000000c4000000, 0x00000000c4000000, 0x00000000c4100000|  0%| F|  |TAMS 0x00000000c4000000, 0x00000000c4000000| Untracked 
|  11|0x00000000c4100000, 0x00000000c4100000, 0x00000000c4200000|  0%| F|  |TAMS 0x00000000c4100000, 0x00000000c4100000| Untracked 
|  12|0x00000000c4200000, 0x00000000c4200000, 0x00000000c4300000|  0%| F|  |TAMS 0x00000000c4200000, 0x00000000c4200000| Untracked 
|  13|0x00000000c4300000, 0x00000000c4300000, 0x00000000c4400000|  0%| F|  |TAMS 0x00000000c4300000, 0x00000000c4300000| Untracked 
|  14|0x00000000c4400000, 0x00000000c4400000, 0x00000000c4500000|  0%| F|  |TAMS 0x00000000c4400000, 0x00000000c4400000| Untracked 
|  15|0x00000000c4500000, 0x00000000c4500000, 0x00000000c4600000|  0%| F|  |TAMS 0x00000000c4500000, 0x00000000c4500000| Untracked 
|  16|0x00000000c4600000, 0x00000000c4600000, 0x00000000c4700000|  0%| F|  |TAMS 0x00000000c4600000, 0x00000000c4600000| Untracked 
|  17|0x00000000c4700000, 0x00000000c4700000, 0x00000000c4800000|  0%| F|  |TAMS 0x00000000c4700000, 0x00000000c4700000| Untracked 
|  18|0x00000000c4800000, 0x00000000c4800000, 0x00000000c4900000|  0%| F|  |TAMS 0x00000000c4800000, 0x00000000c4800000| Untracked 
|  19|0x00000000c4900000, 0x00000000c4900000, 0x00000000c4a00000|  0%| F|  |TAMS 0x00000000c4900000, 0x00000000c4900000| Untracked 
|  20|0x00000000c4a00000, 0x00000000c4a00000, 0x00000000c4b00000|  0%| F|  |TAMS 0x00000000c4a00000, 0x00000000c4a00000| Untracked 
|  21|0x00000000c4b00000, 0x00000000c4b00000, 0x00000000c4c00000|  0%| F|  |TAMS 0x00000000c4b00000, 0x00000000c4b00000| Untracked 
|  22|0x00000000c4c00000, 0x00000000c4c00000, 0x00000000c4d00000|  0%| F|  |TAMS 0x00000000c4c00000, 0x00000000c4c00000| Untracked 
|  23|0x00000000c4d00000, 0x00000000c4d00000, 0x00000000c4e00000|  0%| F|  |TAMS 0x00000000c4d00000, 0x00000000c4d00000| Untracked 
|  24|0x00000000c4e00000, 0x00000000c4e00000, 0x00000000c4f00000|  0%| F|  |TAMS 0x00000000c4e00000, 0x00000000c4e00000| Untracked 
|  25|0x00000000c4f00000, 0x00000000c4f00000, 0x00000000c5000000|  0%| F|  |TAMS 0x00000000c4f00000, 0x00000000c4f00000| Untracked 
|  26|0x00000000c5000000, 0x00000000c5000000, 0x00000000c5100000|  0%| F|  |TAMS 0x00000000c5000000, 0x00000000c5000000| Untracked 
|  27|0x00000000c5100000, 0x00000000c5100000, 0x00000000c5200000|  0%| F|  |TAMS 0x00000000c5100000, 0x00000000c5100000| Untracked 
|  28|0x00000000c5200000, 0x00000000c529cc10, 0x00000000c5300000| 61%| S|CS|TAMS 0x00000000c5200000, 0x00000000c5200000| Complete 
|  29|0x00000000c5300000, 0x00000000c5400000, 0x00000000c5400000|100%| S|CS|TAMS 0x00000000c5300000, 0x00000000c5300000| Complete 
|  30|0x00000000c5400000, 0x00000000c5500000, 0x00000000c5500000|100%| S|CS|TAMS 0x00000000c5400000, 0x00000000c5400000| Complete 
|  31|0x00000000c5500000, 0x00000000c5600000, 0x00000000c5600000|100%| S|CS|TAMS 0x00000000c5500000, 0x00000000c5500000| Complete 
|  32|0x00000000c5600000, 0x00000000c5600000, 0x00000000c5700000|  0%| F|  |TAMS 0x00000000c5600000, 0x00000000c5600000| Untracked 
|  33|0x00000000c5700000, 0x00000000c5700000, 0x00000000c5800000|  0%| F|  |TAMS 0x00000000c5700000, 0x00000000c5700000| Untracked 
|  34|0x00000000c5800000, 0x00000000c5800000, 0x00000000c5900000|  0%| F|  |TAMS 0x00000000c5800000, 0x00000000c5800000| Untracked 
|  35|0x00000000c5900000, 0x00000000c5900000, 0x00000000c5a00000|  0%| F|  |TAMS 0x00000000c5900000, 0x00000000c5900000| Untracked 
|  36|0x00000000c5a00000, 0x00000000c5a00000, 0x00000000c5b00000|  0%| F|  |TAMS 0x00000000c5a00000, 0x00000000c5a00000| Untracked 
|  37|0x00000000c5b00000, 0x00000000c5b00000, 0x00000000c5c00000|  0%| F|  |TAMS 0x00000000c5b00000, 0x00000000c5b00000| Untracked 
|  38|0x00000000c5c00000, 0x00000000c5c00000, 0x00000000c5d00000|  0%| F|  |TAMS 0x00000000c5c00000, 0x00000000c5c00000| Untracked 
|  39|0x00000000c5d00000, 0x00000000c5d00000, 0x00000000c5e00000|  0%| F|  |TAMS 0x00000000c5d00000, 0x00000000c5d00000| Untracked 
|  40|0x00000000c5e00000, 0x00000000c5e00000, 0x00000000c5f00000|  0%| F|  |TAMS 0x00000000c5e00000, 0x00000000c5e00000| Untracked 
|  41|0x00000000c5f00000, 0x00000000c5f00000, 0x00000000c6000000|  0%| F|  |TAMS 0x00000000c5f00000, 0x00000000c5f00000| Untracked 
|  42|0x00000000c6000000, 0x00000000c6000000, 0x00000000c6100000|  0%| F|  |TAMS 0x00000000c6000000, 0x00000000c6000000| Untracked 
|  43|0x00000000c6100000, 0x00000000c6100000, 0x00000000c6200000|  0%| F|  |TAMS 0x00000000c6100000, 0x00000000c6100000| Untracked 
|  44|0x00000000c6200000, 0x00000000c6200000, 0x00000000c6300000|  0%| F|  |TAMS 0x00000000c6200000, 0x00000000c6200000| Untracked 
|  45|0x00000000c6300000, 0x00000000c6300000, 0x00000000c6400000|  0%| F|  |TAMS 0x00000000c6300000, 0x00000000c6300000| Untracked 
|  46|0x00000000c6400000, 0x00000000c6400000, 0x00000000c6500000|  0%| F|  |TAMS 0x00000000c6400000, 0x00000000c6400000| Untracked 
|  47|0x00000000c6500000, 0x00000000c6500000, 0x00000000c6600000|  0%| F|  |TAMS 0x00000000c6500000, 0x00000000c6500000| Untracked 
|  48|0x00000000c6600000, 0x00000000c6600000, 0x00000000c6700000|  0%| F|  |TAMS 0x00000000c6600000, 0x00000000c6600000| Untracked 
|  49|0x00000000c6700000, 0x00000000c6700000, 0x00000000c6800000|  0%| F|  |TAMS 0x00000000c6700000, 0x00000000c6700000| Untracked 
|  50|0x00000000c6800000, 0x00000000c6800000, 0x00000000c6900000|  0%| F|  |TAMS 0x00000000c6800000, 0x00000000c6800000| Untracked 
|  51|0x00000000c6900000, 0x00000000c6900000, 0x00000000c6a00000|  0%| F|  |TAMS 0x00000000c6900000, 0x00000000c6900000| Untracked 
|  52|0x00000000c6a00000, 0x00000000c6a00000, 0x00000000c6b00000|  0%| F|  |TAMS 0x00000000c6a00000, 0x00000000c6a00000| Untracked 
|  53|0x00000000c6b00000, 0x00000000c6b00000, 0x00000000c6c00000|  0%| F|  |TAMS 0x00000000c6b00000, 0x00000000c6b00000| Untracked 
|  54|0x00000000c6c00000, 0x00000000c6c00000, 0x00000000c6d00000|  0%| F|  |TAMS 0x00000000c6c00000, 0x00000000c6c00000| Untracked 
|  55|0x00000000c6d00000, 0x00000000c6d00000, 0x00000000c6e00000|  0%| F|  |TAMS 0x00000000c6d00000, 0x00000000c6d00000| Untracked 
|  56|0x00000000c6e00000, 0x00000000c6e00000, 0x00000000c6f00000|  0%| F|  |TAMS 0x00000000c6e00000, 0x00000000c6e00000| Untracked 
|  57|0x00000000c6f00000, 0x00000000c6f00000, 0x00000000c7000000|  0%| F|  |TAMS 0x00000000c6f00000, 0x00000000c6f00000| Untracked 
|  58|0x00000000c7000000, 0x00000000c7000000, 0x00000000c7100000|  0%| F|  |TAMS 0x00000000c7000000, 0x00000000c7000000| Untracked 
|  59|0x00000000c7100000, 0x00000000c7100000, 0x00000000c7200000|  0%| F|  |TAMS 0x00000000c7100000, 0x00000000c7100000| Untracked 
|  60|0x00000000c7200000, 0x00000000c7200000, 0x00000000c7300000|  0%| F|  |TAMS 0x00000000c7200000, 0x00000000c7200000| Untracked 
|  61|0x00000000c7300000, 0x00000000c7300000, 0x00000000c7400000|  0%| F|  |TAMS 0x00000000c7300000, 0x00000000c7300000| Untracked 
|  62|0x00000000c7400000, 0x00000000c7400000, 0x00000000c7500000|  0%| F|  |TAMS 0x00000000c7400000, 0x00000000c7400000| Untracked 
|  63|0x00000000c7500000, 0x00000000c7500000, 0x00000000c7600000|  0%| F|  |TAMS 0x00000000c7500000, 0x00000000c7500000| Untracked 
|  64|0x00000000c7600000, 0x00000000c7600000, 0x00000000c7700000|  0%| F|  |TAMS 0x00000000c7600000, 0x00000000c7600000| Untracked 
|  65|0x00000000c7700000, 0x00000000c7700000, 0x00000000c7800000|  0%| F|  |TAMS 0x00000000c7700000, 0x00000000c7700000| Untracked 
|  66|0x00000000c7800000, 0x00000000c7800000, 0x00000000c7900000|  0%| F|  |TAMS 0x00000000c7800000, 0x00000000c7800000| Untracked 
|  67|0x00000000c7900000, 0x00000000c7900000, 0x00000000c7a00000|  0%| F|  |TAMS 0x00000000c7900000, 0x00000000c7900000| Untracked 
|  68|0x00000000c7a00000, 0x00000000c7a80800, 0x00000000c7b00000| 50%| E|  |TAMS 0x00000000c7a00000, 0x00000000c7a00000| Complete 
|  69|0x00000000c7b00000, 0x00000000c7c00000, 0x00000000c7c00000|100%| E|CS|TAMS 0x00000000c7b00000, 0x00000000c7b00000| Complete 
|  70|0x00000000c7c00000, 0x00000000c7d00000, 0x00000000c7d00000|100%| E|CS|TAMS 0x00000000c7c00000, 0x00000000c7c00000| Complete 
|  71|0x00000000c7d00000, 0x00000000c7e00000, 0x00000000c7e00000|100%| E|CS|TAMS 0x00000000c7d00000, 0x00000000c7d00000| Complete 
|  72|0x00000000c7e00000, 0x00000000c7f00000, 0x00000000c7f00000|100%| E|CS|TAMS 0x00000000c7e00000, 0x00000000c7e00000| Complete 
|  73|0x00000000c7f00000, 0x00000000c8000000, 0x00000000c8000000|100%| E|CS|TAMS 0x00000000c7f00000, 0x00000000c7f00000| Complete 
|  74|0x00000000c8000000, 0x00000000c8100000, 0x00000000c8100000|100%| E|CS|TAMS 0x00000000c8000000, 0x00000000c8000000| Complete 

Card table byte_map: [0x000001fdff3b0000,0x000001fdff5a0000] _byte_map_base: 0x000001fdfed95000

Marking Bits (Prev, Next): (CMBitMap*) 0x000001fdfecd60b0, (CMBitMap*) 0x000001fdfecd6078
 Prev Bits: [0x000001fd999a0000, 0x000001fd9a8c8000)
 Next Bits: [0x000001fd98a70000, 0x000001fd99998000)

Polling page: 0x000001fdfed90000

Metaspace:

Usage:
  Non-class:     18.69 MB capacity,    18.43 MB ( 99%) used,   249.88 KB (  1%) free+waste,    24.50 KB ( <1%) overhead. 
      Class:      2.27 MB capacity,     2.16 MB ( 95%) used,   100.22 KB (  4%) free+waste,     9.69 KB ( <1%) overhead. 
       Both:     20.96 MB capacity,    20.59 MB ( 98%) used,   350.10 KB (  2%) free+waste,    34.19 KB ( <1%) overhead. 

Virtual space:
  Non-class space:       20.00 MB reserved,      18.75 MB ( 94%) committed 
      Class space:        1.00 GB reserved,       2.38 MB ( <1%) committed 
             Both:        1.02 GB reserved,      21.13 MB (  2%) committed 

Chunk freelists:
   Non-Class:  58.00 KB
       Class:  12.00 KB
        Both:  70.00 KB

MaxMetaspaceSize: 17179869184.00 GB
CompressedClassSpaceSize: 1.00 GB
Initial GC threshold: 20.80 MB
Current GC threshold: 34.79 MB
CDS: off

CodeHeap 'non-profiled nmethods': size=120064Kb used=887Kb max_used=887Kb free=119176Kb
 bounds [0x000001fd91530000, 0x000001fd917a0000, 0x000001fd98a70000]
CodeHeap 'profiled nmethods': size=120000Kb used=4484Kb max_used=4484Kb free=115515Kb
 bounds [0x000001fd8a000000, 0x000001fd8a470000, 0x000001fd91530000]
CodeHeap 'non-nmethods': size=5696Kb used=1158Kb max_used=1190Kb free=4537Kb
 bounds [0x000001fd89a70000, 0x000001fd89ce0000, 0x000001fd8a000000]
 total_blobs=2629 nmethods=2214 adapters=328
 compilation: enabled
              stopped_count=0, restarted_count=0
 full_count=0

Compilation events (20 events):
Event: 5.707 Thread 0x000001fdffba7800 nmethod 2178 0x000001fd8a45b610 code [0x000001fd8a45b840, 0x000001fd8a45c068]
Event: 5.708 Thread 0x000001fdffba7800 2179       3       java.util.ArrayList::addAll (76 bytes)
Event: 5.708 Thread 0x000001fdffba7800 nmethod 2179 0x000001fd8a45c290 code [0x000001fd8a45c4a0, 0x000001fd8a45ca98]
Event: 5.709 Thread 0x000001fdffba7800 2180       3       java.util.IdentityHashMap::init (11 bytes)
Event: 5.709 Thread 0x000001fdffba7800 nmethod 2180 0x000001fd8a45cc90 code [0x000001fd8a45ce40, 0x000001fd8a45d038]
Event: 5.718 Thread 0x000001fdffba7800 2181       3       java.util.TreeMap::leftOf (13 bytes)
Event: 5.718 Thread 0x000001fdffba7800 nmethod 2181 0x000001fd8a45d110 code [0x000001fd8a45d2c0, 0x000001fd8a45d418]
Event: 5.718 Thread 0x000001fdffba7800 2182       3       java.lang.StringLatin1::compareToCI (108 bytes)
Event: 5.719 Thread 0x000001fdffba7800 nmethod 2182 0x000001fd8a45d510 code [0x000001fd8a45d780, 0x000001fd8a45e038]
Event: 5.721 Thread 0x000001fdffba7800 2183       3       java.util.regex.Pattern$Branch::match (66 bytes)
Event: 5.722 Thread 0x000001fdffba7800 nmethod 2183 0x000001fd8a45e490 code [0x000001fd8a45e680, 0x000001fd8a45eb18]
Event: 5.724 Thread 0x000001fdffba7800 2184       3       java.util.regex.Matcher::match (154 bytes)
Event: 5.725 Thread 0x000001fdffba7800 nmethod 2184 0x000001fd8a45ed10 code [0x000001fd8a45ef00, 0x000001fd8a45f478]
Event: 5.725 Thread 0x000001fdffba7800 2185       3       java.util.regex.Matcher::start (65 bytes)
Event: 5.726 Thread 0x000001fdffba7800 nmethod 2185 0x000001fd8a45f690 code [0x000001fd8a45f920, 0x000001fd8a460368]
Event: 5.726 Thread 0x000001fdffba7800 2186       3       java.util.regex.Pattern$BmpCharProperty::match (55 bytes)
Event: 5.727 Thread 0x000001fdffba7800 nmethod 2186 0x000001fd8a460790 code [0x000001fd8a460980, 0x000001fd8a460de8]
Event: 5.727 Thread 0x000001fdffba7800 2187       3       java.util.regex.Pattern$$Lambda$20/0x00000001000a6440::is (9 bytes)
Event: 5.727 Thread 0x000001fdffba7800 nmethod 2187 0x000001fd8a460f90 code [0x000001fd8a461140, 0x000001fd8a4612f8]
Event: 5.736 Thread 0x000001fdffba7800 2189       3       org.codehaus.plexus.util.xml.pull.MXParser::ensureElementsCapacity (265 bytes)

GC Heap History (10 events):
Event: 1.215 GC heap before
{Heap before GC invocations=0 (full 0):
 garbage-first heap   total 63488K, used 6144K [0x00000000c3600000, 0x0000000100000000)
  region size 1024K, 7 young (7168K), 0 survivors (0K)
 Metaspace       used 9247K, capacity 9425K, committed 9600K, reserved 1058816K
  class space    used 815K, capacity 887K, committed 896K, reserved 1048576K
}
Event: 1.223 GC heap after
{Heap after GC invocations=1 (full 0):
 garbage-first heap   total 63488K, used 2677K [0x00000000c3600000, 0x0000000100000000)
  region size 1024K, 1 young (1024K), 1 survivors (1024K)
 Metaspace       used 9247K, capacity 9425K, committed 9600K, reserved 1058816K
  class space    used 815K, capacity 887K, committed 896K, reserved 1048576K
}
Event: 1.427 GC heap before
{Heap before GC invocations=1 (full 0):
 garbage-first heap   total 63488K, used 4725K [0x00000000c3600000, 0x0000000100000000)
  region size 1024K, 3 young (3072K), 1 survivors (1024K)
 Metaspace       used 9921K, capacity 10144K, committed 10240K, reserved 1058816K
  class space    used 881K, capacity 956K, committed 1024K, reserved 1048576K
}
Event: 1.432 GC heap after
{Heap after GC invocations=2 (full 0):
 garbage-first heap   total 63488K, used 3067K [0x00000000c3600000, 0x0000000100000000)
  region size 1024K, 1 young (1024K), 1 survivors (1024K)
 Metaspace       used 9921K, capacity 10144K, committed 10240K, reserved 1058816K
  class space    used 881K, capacity 956K, committed 1024K, reserved 1048576K
}
Event: 2.333 GC heap before
{Heap before GC invocations=2 (full 0):
 garbage-first heap   total 63488K, used 12283K [0x00000000c3600000, 0x0000000100000000)
  region size 1024K, 11 young (11264K), 1 survivors (1024K)
 Metaspace       used 13261K, capacity 13565K, committed 13696K, reserved 1060864K
  class space    used 1293K, capacity 1394K, committed 1408K, reserved 1048576K
}
Event: 2.342 GC heap after
{Heap after GC invocations=3 (full 0):
 garbage-first heap   total 63488K, used 3891K [0x00000000c3600000, 0x0000000100000000)
  region size 1024K, 2 young (2048K), 2 survivors (2048K)
 Metaspace       used 13261K, capacity 13565K, committed 13696K, reserved 1060864K
  class space    used 1293K, capacity 1394K, committed 1408K, reserved 1048576K
}
Event: 3.372 GC heap before
{Heap before GC invocations=3 (full 0):
 garbage-first heap   total 63488K, used 26419K [0x00000000c3600000, 0x0000000100000000)
  region size 1024K, 24 young (24576K), 2 survivors (2048K)
 Metaspace       used 15470K, capacity 15754K, committed 16000K, reserved 1062912K
  class space    used 1555K, capacity 1627K, committed 1664K, reserved 1048576K
}
Event: 3.379 GC heap after
{Heap after GC invocations=4 (full 0):
 garbage-first heap   total 63488K, used 4719K [0x00000000c3600000, 0x0000000100000000)
  region size 1024K, 2 young (2048K), 2 survivors (2048K)
 Metaspace       used 15470K, capacity 15754K, committed 16000K, reserved 1062912K
  class space    used 1555K, capacity 1627K, committed 1664K, reserved 1048576K
}
Event: 5.610 GC heap before
{Heap before GC invocations=4 (full 0):
 garbage-first heap   total 63488K, used 32367K [0x00000000c3600000, 0x0000000100000000)
  region size 1024K, 30 young (30720K), 2 survivors (2048K)
 Metaspace       used 20756K, capacity 21107K, committed 21248K, reserved 1069056K
  class space    used 2185K, capacity 2291K, committed 2304K, reserved 1048576K
}
Event: 5.633 GC heap after
{Heap after GC invocations=5 (full 0):
 garbage-first heap   total 76800K, used 6535K [0x00000000c3600000, 0x0000000100000000)
  region size 1024K, 4 young (4096K), 4 survivors (4096K)
 Metaspace       used 20756K, capacity 21107K, committed 21248K, reserved 1069056K
  class space    used 2185K, capacity 2291K, committed 2304K, reserved 1048576K
}

Deoptimization events (20 events):
Event: 5.158 Thread 0x000001fdfeca6000 DEOPT PACKING pc=0x000001fd915ea6fc sp=0x000000fac34fe400
Event: 5.158 Thread 0x000001fdfeca6000 DEOPT UNPACKING pc=0x000001fd89aba1a9 sp=0x000000fac34fe328 mode 2
Event: 5.161 Thread 0x000001fdfeca6000 Uncommon trap: trap_request=0xffffff4d fr.pc=0x000001fd915ef78c relative=0x00000000000009cc
Event: 5.161 Thread 0x000001fdfeca6000 Uncommon trap: reason=unstable_if action=reinterpret pc=0x000001fd915ef78c method=sun.net.util.IPAddressUtil.scan(Ljava/lang/String;JJ[C)I @ 14 c2
Event: 5.161 Thread 0x000001fdfeca6000 DEOPT PACKING pc=0x000001fd915ef78c sp=0x000000fac34fdfc0
Event: 5.161 Thread 0x000001fdfeca6000 DEOPT UNPACKING pc=0x000001fd89aba1a9 sp=0x000000fac34fde40 mode 2
Event: 5.234 Thread 0x000001fdfeca6000 DEOPT PACKING pc=0x000001fd8a217103 sp=0x000000fac34fda30
Event: 5.234 Thread 0x000001fdfeca6000 DEOPT UNPACKING pc=0x000001fd89aba93f sp=0x000000fac34fcee8 mode 0
Event: 5.339 Thread 0x000001fdfeca6000 Uncommon trap: trap_request=0xffffff4d fr.pc=0x000001fd91599a9c relative=0x000000000000055c
Event: 5.339 Thread 0x000001fdfeca6000 Uncommon trap: reason=unstable_if action=reinterpret pc=0x000001fd91599a9c method=java.lang.String.replace(CC)Ljava/lang/String; @ 2 c2
Event: 5.339 Thread 0x000001fdfeca6000 DEOPT PACKING pc=0x000001fd91599a9c sp=0x000000fac34fdb00
Event: 5.339 Thread 0x000001fdfeca6000 DEOPT UNPACKING pc=0x000001fd89aba1a9 sp=0x000000fac34fdac0 mode 2
Event: 5.557 Thread 0x000001fdfeca6000 DEOPT PACKING pc=0x000001fd8a105a1e sp=0x000000fac34fcbb0
Event: 5.557 Thread 0x000001fdfeca6000 DEOPT UNPACKING pc=0x000001fd89aba93f sp=0x000000fac34fc160 mode 0
Event: 5.692 Thread 0x000001fdfeca6000 Uncommon trap: trap_request=0xffffff4d fr.pc=0x000001fd915fa794 relative=0x0000000000000914
Event: 5.692 Thread 0x000001fdfeca6000 Uncommon trap: reason=unstable_if action=reinterpret pc=0x000001fd915fa794 method=org.codehaus.plexus.util.xml.pull.MXParser.nextImpl()I @ 835 c2
Event: 5.692 Thread 0x000001fdfeca6000 DEOPT PACKING pc=0x000001fd915fa794 sp=0x000000fac34fdb00
Event: 5.692 Thread 0x000001fdfeca6000 DEOPT UNPACKING pc=0x000001fd89aba1a9 sp=0x000000fac34fda78 mode 2
Event: 5.738 Thread 0x000001fdfeca6000 DEOPT PACKING pc=0x000001fd8a457d16 sp=0x000000fac34fd760
Event: 5.738 Thread 0x000001fdfeca6000 DEOPT UNPACKING pc=0x000001fd89aba93f sp=0x000000fac34fcd10 mode 0

Classes redefined (0 events):
No events

Internal exceptions (17 events):
Event: 0.660 Thread 0x000001fdfeca6000 Exception <a 'java/security/PrivilegedActionException'{0x00000000c72a2618}> (0x00000000c72a2618) thrown at [./src/hotspot/share/prims/jvm.cpp, line 1306]
Event: 0.660 Thread 0x000001fdfeca6000 Exception <a 'java/security/PrivilegedActionException'{0x00000000c72a28e8}> (0x00000000c72a28e8) thrown at [./src/hotspot/share/prims/jvm.cpp, line 1306]
Event: 0.863 Thread 0x000001fdfeca6000 Exception <a 'java/lang/NoSuchMethodError'{0x00000000c70cc750}: 'int java.lang.invoke.DirectMethodHandle$Holder.invokeSpecialIFC(java.lang.Object, java.lang.Object, int)'> (0x00000000c70cc750) thrown at [./src/hotspot/share/interpreter/linkResolver.cpp, line 773]
Event: 0.887 Thread 0x000001fdfeca6000 Exception <a 'java/lang/NullPointerException'{0x00000000c6f310f8}> (0x00000000c6f310f8) thrown at [./src/hotspot/share/interpreter/linkResolver.cpp, line 1358]
Event: 0.981 Thread 0x000001fdfeca6000 Exception <a 'java/lang/NullPointerException'{0x00000000c6fbc220}> (0x00000000c6fbc220) thrown at [./src/hotspot/share/interpreter/linkResolver.cpp, line 1358]
Event: 0.981 Thread 0x000001fdfeca6000 Exception <a 'java/lang/NullPointerException'{0x00000000c6fbc4f0}> (0x00000000c6fbc4f0) thrown at [./src/hotspot/share/interpreter/linkResolver.cpp, line 1358]
Event: 0.981 Thread 0x000001fdfeca6000 Exception <a 'java/lang/NullPointerException'{0x00000000c6fbc7c0}> (0x00000000c6fbc7c0) thrown at [./src/hotspot/share/interpreter/linkResolver.cpp, line 1358]
Event: 0.983 Thread 0x000001fdfeca6000 Exception <a 'java/lang/NullPointerException'{0x00000000c6fc2c58}> (0x00000000c6fc2c58) thrown at [./src/hotspot/share/interpreter/linkResolver.cpp, line 1358]
Event: 0.986 Thread 0x000001fdfeca6000 Exception <a 'java/lang/NullPointerException'{0x00000000c6fd9360}> (0x00000000c6fd9360) thrown at [./src/hotspot/share/interpreter/linkResolver.cpp, line 1358]
Event: 0.986 Thread 0x000001fdfeca6000 Exception <a 'java/lang/NullPointerException'{0x00000000c6fd9630}> (0x00000000c6fd9630) thrown at [./src/hotspot/share/interpreter/linkResolver.cpp, line 1358]
Event: 0.986 Thread 0x000001fdfeca6000 Exception <a 'java/lang/NullPointerException'{0x00000000c6fd9900}> (0x00000000c6fd9900) thrown at [./src/hotspot/share/interpreter/linkResolver.cpp, line 1358]
Event: 0.986 Thread 0x000001fdfeca6000 Exception <a 'java/lang/NullPointerException'{0x00000000c6fd9e88}> (0x00000000c6fd9e88) thrown at [./src/hotspot/share/interpreter/linkResolver.cpp, line 1358]
Event: 2.263 Thread 0x000001fdfeca6000 Exception <a 'java/lang/NoClassDefFoundError'{0x00000000c690b8c0}: javax/enterprise/inject/Typed> (0x00000000c690b8c0) thrown at [./src/hotspot/share/classfile/systemDictionary.cpp, line 219]
Event: 4.327 Thread 0x000001fdfeca6000 Exception <a 'java/lang/NoClassDefFoundError'{0x00000000c628d100}: com/google/inject/servlet/ServletModuleTargetVisitor> (0x00000000c628d100) thrown at [./src/hotspot/share/classfile/systemDictionary.cpp, line 219]
Event: 4.327 Thread 0x000001fdfeca6000 Exception <a 'java/lang/NoClassDefFoundError'{0x00000000c628d100}> (0x00000000c628d100) thrown at [./src/hotspot/share/prims/jvm.cpp, line 1310]
Event: 4.571 Thread 0x000001fdfeca6000 Exception <a 'java/lang/NoSuchMethodError'{0x00000000c60d2be0}: 'java.lang.Object java.lang.invoke.DirectMethodHandle$Holder.invokeStaticInit(java.lang.Object, int, int, int, int)'> (0x00000000c60d2be0) thrown at [./src/hotspot/share/interpreter/linkResolver.cpp, line 773]
Event: 5.158 Thread 0x000001fdfeca6000 Implicit null exception at 0x000001fd915e787c to 0x000001fd915ea6f0

Events (20 events):
Event: 5.709 loading class org/apache/maven/model/building/ModelCacheTag$1
Event: 5.709 loading class org/apache/maven/model/building/ModelCacheTag$1 done
Event: 5.710 loading class org/apache/maven/model/building/ModelCacheTag$2
Event: 5.710 loading class org/apache/maven/model/building/ModelCacheTag$2 done
Event: 5.711 loading class org/apache/maven/repository/internal/DefaultModelCache$Key
Event: 5.711 loading class org/apache/maven/repository/internal/DefaultModelCache$Key done
Event: 5.713 loading class org/eclipse/aether/util/version/GenericVersionScheme
Event: 5.713 loading class org/eclipse/aether/util/version/GenericVersionScheme done
Event: 5.714 loading class org/eclipse/aether/version/VersionRange
Event: 5.714 loading class org/eclipse/aether/version/VersionRange done
Event: 5.714 loading class org/eclipse/aether/version/VersionConstraint
Event: 5.714 loading class org/eclipse/aether/version/VersionConstraint done
Event: 5.715 loading class org/eclipse/aether/util/version/GenericVersionConstraint
Event: 5.715 loading class org/eclipse/aether/util/version/GenericVersionConstraint done
Event: 5.716 loading class org/eclipse/aether/util/version/GenericVersion
Event: 5.716 loading class org/eclipse/aether/util/version/GenericVersion done
Event: 5.717 loading class org/eclipse/aether/util/version/GenericVersion$Tokenizer
Event: 5.717 loading class org/eclipse/aether/util/version/GenericVersion$Tokenizer done
Event: 5.720 loading class org/eclipse/aether/util/version/GenericVersion$Item
Event: 5.720 loading class org/eclipse/aether/util/version/GenericVersion$Item done


Dynamic libraries:
0x00007ff6aff50000 - 0x00007ff6aff5d000 	C:\tools\java\jdk11\jdk-11.0.14.1+1\bin\java.exe
0x00007ffd182d0000 - 0x00007ffd184c5000 	C:\Windows\SYSTEM32\ntdll.dll
0x00007ffd16320000 - 0x00007ffd163dd000 	C:\Windows\System32\KERNEL32.DLL
0x00007ffd159e0000 - 0x00007ffd15cad000 	C:\Windows\System32\KERNELBASE.dll
0x00007ffd16190000 - 0x00007ffd16290000 	C:\Windows\System32\ucrtbase.dll
0x00007ffd11030000 - 0x00007ffd11047000 	C:\tools\java\jdk11\jdk-11.0.14.1+1\bin\jli.dll
0x00007ffd17410000 - 0x00007ffd175b0000 	C:\Windows\System32\USER32.dll
0x00007ffd16020000 - 0x00007ffd16042000 	C:\Windows\System32\win32u.dll
0x00007ffd16c70000 - 0x00007ffd16c9a000 	C:\Windows\System32\GDI32.dll
0x00007ffd16050000 - 0x00007ffd1615b000 	C:\Windows\System32\gdi32full.dll
0x00007ffd15cb0000 - 0x00007ffd15d4d000 	C:\Windows\System32\msvcp_win.dll
0x00007ffd0e9c0000 - 0x00007ffd0e9d5000 	C:\tools\java\jdk11\jdk-11.0.14.1+1\bin\VCRUNTIME140.dll
0x00007ffcef810000 - 0x00007ffcefaaa000 	C:\Windows\WinSxS\amd64_microsoft.windows.common-controls_6595b64144ccf1df_6.0.19041.1110_none_60b5254171f9507e\COMCTL32.dll
0x00007ffd16ca0000 - 0x00007ffd16d3e000 	C:\Windows\System32\msvcrt.dll
0x00007ffd16d50000 - 0x00007ffd16d80000 	C:\Windows\System32\IMM32.DLL
0x00007ffcf3b40000 - 0x00007ffcf3bdb000 	C:\tools\java\jdk11\jdk-11.0.14.1+1\bin\msvcp140.dll
0x00007ffcdb7b0000 - 0x00007ffcdc331000 	C:\tools\java\jdk11\jdk-11.0.14.1+1\bin\server\jvm.dll
0x00007ffd181e0000 - 0x00007ffd1828e000 	C:\Windows\System32\ADVAPI32.dll
0x00007ffd16680000 - 0x00007ffd1671c000 	C:\Windows\System32\sechost.dll
0x00007ffd17f80000 - 0x00007ffd180a5000 	C:\Windows\System32\RPCRT4.dll
0x00007ffd171f0000 - 0x00007ffd171f8000 	C:\Windows\System32\PSAPI.DLL
0x00007ffcef040000 - 0x00007ffcef049000 	C:\Windows\SYSTEM32\WSOCK32.dll
0x00007ffd17eb0000 - 0x00007ffd17f1b000 	C:\Windows\System32\WS2_32.dll
0x00007ffcef360000 - 0x00007ffcef387000 	C:\Windows\SYSTEM32\WINMM.dll
0x00007ffd07a60000 - 0x00007ffd07a6a000 	C:\Windows\SYSTEM32\VERSION.dll
0x00007ffd142c0000 - 0x00007ffd142d2000 	C:\Windows\SYSTEM32\kernel.appcore.dll
0x00007ffd11130000 - 0x00007ffd11140000 	C:\tools\java\jdk11\jdk-11.0.14.1+1\bin\verify.dll
0x00007ffd13f80000 - 0x00007ffd14164000 	C:\Windows\SYSTEM32\DBGHELP.DLL
0x00007ffd034c0000 - 0x00007ffd034ec000 	C:\Windows\SYSTEM32\dbgcore.DLL
0x00007ffd16290000 - 0x00007ffd16312000 	C:\Windows\System32\bcryptPrimitives.dll
0x00007ffd079c0000 - 0x00007ffd079e8000 	C:\tools\java\jdk11\jdk-11.0.14.1+1\bin\java.dll
0x00007ffd0ef80000 - 0x00007ffd0ef8a000 	C:\tools\java\jdk11\jdk-11.0.14.1+1\bin\jimage.dll
0x00007ffd0e1e0000 - 0x00007ffd0e1ee000 	C:\tools\java\jdk11\jdk-11.0.14.1+1\bin\instrument.dll
0x00007ffd07430000 - 0x00007ffd07448000 	C:\tools\java\jdk11\jdk-11.0.14.1+1\bin\zip.dll
0x00007ffd175b0000 - 0x00007ffd17cf4000 	C:\Windows\System32\SHELL32.dll
0x00007ffd13710000 - 0x00007ffd13ea4000 	C:\Windows\SYSTEM32\windows.storage.dll
0x00007ffd16e90000 - 0x00007ffd171e4000 	C:\Windows\System32\combase.dll
0x00007ffd15440000 - 0x00007ffd1546c000 	C:\Windows\SYSTEM32\Wldp.dll
0x00007ffd16de0000 - 0x00007ffd16e8d000 	C:\Windows\System32\SHCORE.dll
0x00007ffd16d80000 - 0x00007ffd16dd5000 	C:\Windows\System32\shlwapi.dll
0x00007ffd15920000 - 0x00007ffd1593f000 	C:\Windows\SYSTEM32\profapi.dll
0x00007ffd07410000 - 0x00007ffd07429000 	C:\tools\java\jdk11\jdk-11.0.14.1+1\bin\net.dll
0x00007ffcf5850000 - 0x00007ffcf595a000 	C:\Windows\SYSTEM32\WINHTTP.dll
0x00007ffd15130000 - 0x00007ffd1519a000 	C:\Windows\system32\mswsock.dll
0x00007ffcffc80000 - 0x00007ffcffc93000 	C:\tools\java\jdk11\jdk-11.0.14.1+1\bin\nio.dll
0x00007ffcfddb0000 - 0x00007ffcfddca000 	C:\Program Files\JetBrains\IntelliJ IDEA Community Edition 2021.3.3\bin\breakgen64.dll
0x0000000069ac0000 - 0x0000000069ae4000 	C:\Users\ilya\AppData\Local\Temp\jansi-2.4.0-af7be66ff2dfc14d-jansi.dll

dbghelp: loaded successfully - version: 4.0.5 - missing functions: none
symbol engine: initialized successfully - sym options: 0x614 - pdb path: .;C:\tools\java\jdk11\jdk-11.0.14.1+1\bin;C:\Windows\SYSTEM32;C:\Windows\WinSxS\amd64_microsoft.windows.common-controls_6595b64144ccf1df_6.0.19041.1110_none_60b5254171f9507e;C:\tools\java\jdk11\jdk-11.0.14.1+1\bin\server;C:\Program Files\JetBrains\IntelliJ IDEA Community Edition 2021.3.3\bin;C:\Users\ilya\AppData\Local\Temp

VM Arguments:
jvm_args: -Dmaven.multiModuleProjectDirectory=C:\proj\Mk-JD2-90-22\HomeWork -Dmaven.home=C:\tools\maven\apache-maven-3.8.5 -Dclassworlds.conf=C:\tools\maven\apache-maven-3.8.5\bin\m2.conf -Dmaven.ext.class.path=C:\Program Files\JetBrains\IntelliJ IDEA Community Edition 2021.3.3\plugins\maven\lib\maven-event-listener.jar -javaagent:C:\Program Files\JetBrains\IntelliJ IDEA Community Edition 2021.3.3\lib\idea_rt.jar=53906:C:\Program Files\JetBrains\IntelliJ IDEA Community Edition 2021.3.3\bin -Dfile.encoding=UTF-8 
java_command: org.codehaus.classworlds.Launcher -Didea.version=2021.3.3 org.apache.tomcat.maven:tomcat7-maven-plugin:2.2:redeploy
java_class_path (initial): C:\tools\maven\apache-maven-3.8.5\boot\plexus-classworlds-2.6.0.jar;C:\tools\maven\apache-maven-3.8.5\boot\plexus-classworlds.license
Launcher Type: SUN_STANDARD

[Global flags]
     intx CICompilerCount                          = 2                                         {product} {ergonomic}
     uint ConcGCThreads                            = 1                                         {product} {ergonomic}
     uint G1ConcRefinementThreads                  = 2                                         {product} {ergonomic}
   size_t G1HeapRegionSize                         = 1048576                                   {product} {ergonomic}
    uintx GCDrainStackTargetSize                   = 64                                        {product} {ergonomic}
   size_t InitialHeapSize                          = 65011712                                  {product} {ergonomic}
   size_t MarkStackSize                            = 4194304                                   {product} {ergonomic}
   size_t MaxHeapSize                              = 1017118720                                {product} {ergonomic}
   size_t MaxNewSize                               = 610271232                                 {product} {ergonomic}
   size_t MinHeapDeltaBytes                        = 1048576                                   {product} {ergonomic}
    uintx NonNMethodCodeHeapSize                   = 5825164                                {pd product} {ergonomic}
    uintx NonProfiledCodeHeapSize                  = 122916538                              {pd product} {ergonomic}
    uintx ProfiledCodeHeapSize                     = 122916538                              {pd product} {ergonomic}
    uintx ReservedCodeCacheSize                    = 251658240                              {pd product} {ergonomic}
     bool SegmentedCodeCache                       = true                                      {product} {ergonomic}
     bool UseCompressedClassPointers               = true                                 {lp64_product} {ergonomic}
     bool UseCompressedOops                        = true                                 {lp64_product} {ergonomic}
     bool UseG1GC                                  = true                                      {product} {ergonomic}
     bool UseLargePagesIndividualAllocation        = false                                  {pd product} {ergonomic}

Logging:
Log output configuration:
 #0: stdout all=warning uptime,level,tags
 #1: stderr all=off uptime,level,tags

Environment Variables:
JAVA_HOME=C:\tools\java\jdk11\jdk-11.0.14.1+1
PATH=C:\Windows\system32;C:\Windows;C:\Windows\System32\Wbem;C:\Windows\System32\WindowsPowerShell\v1.0\;C:\Windows\System32\OpenSSH\;C:\tools\java\jdk11\jdk-11.0.14.1+1\bin;C:\tools\maven\apache-maven-3.8.5\bin;C:\Program Files\Git\cmd;C:\Users\ilya\AppData\Local\Microsoft\WindowsApps;
USERNAME=ilya
OS=Windows_NT
PROCESSOR_IDENTIFIER=Intel64 Family 6 Model 122 Stepping 1, GenuineIntel



---------------  S Y S T E M  ---------------

OS: Windows 10 , 64 bit Build 19041 (10.0.19041.1706)
OS uptime: 0 days 5:12 hours

CPU:total 2 (initial active 2) (2 cores per cpu, 1 threads per core) family 6 model 122 stepping 1 microcode 0x2e, cmov, cx8, fxsr, mmx, sse, sse2, sse3, ssse3, sse4.1, sse4.2, popcnt, aes, clmul, erms, 3dnowpref, tsc, tscinvbit, sha

Memory: 4k page, system-wide physical 3874M (613M free)
TotalPageFile size 15874M (AvailPageFile size 10209M)
current process WorkingSet (physical memory assigned to process): 109M, peak: 112M
current process commit charge ("private bytes"): 171M, peak: 182M

vm_info: OpenJDK 64-Bit Server VM (11.0.14.1+1) for windows-amd64 JRE (11.0.14.1+1), built on Feb  9 2022 01:48:27 by "" with unknown MS VC++:1916

END.
